<?xml version="1.0" encoding="UTF-8"?>
<!-- Generated by org.testng.reporters.JUnitXMLReporter -->
<testsuite hostname="DTBLR01LP21" ignored="0" name="Default test" tests="13" failures="0" timestamp="12 Jul 2023 09:33:56 GMT" time="32.964" errors="0">
  <testcase name="@AfterMethod close" time="0.04" classname="basic.Demo1">
    <failure type="org.openqa.selenium.WebDriverException" message="disconnected: not connected to DevTools
  (failed to check if window was closed: disconnected: not connected to DevTools)
  (Session info: chrome=114.0.5735.199)
Build info: version: &amp;apos;4.5.0&amp;apos;, revision: &amp;apos;fe167b119a&amp;apos;
System info: os.name: &amp;apos;Windows 10&amp;apos;, os.arch: &amp;apos;amd64&amp;apos;, os.version: &amp;apos;10.0&amp;apos;, java.version: &amp;apos;1.8.0_211&amp;apos;
Driver info: org.openqa.selenium.chrome.ChromeDriver
Command: [ade1245b711770e3249b173d2714f028, close {}]
Capabilities {acceptInsecureCerts: false, browserName: chrome, browserVersion: 114.0.5735.199, chrome: {chromedriverVersion: 114.0.5735.90 (386bc09e8f4f..., userDataDir: C:\Users\vinitham\AppData\L...}, goog:chromeOptions: {debuggerAddress: localhost:58993}, networkConnectionEnabled: false, pageLoadStrategy: normal, platformName: WINDOWS, proxy: Proxy(), se:cdp: ws://localhost:58993/devtoo..., se:cdpVersion: 114.0.5735.199, setWindowRect: true, strictFileInteractability: false, timeouts: {implicit: 0, pageLoad: 300000, script: 30000}, unhandledPromptBehavior: dismiss and notify, webauthn:extension:credBlob: true, webauthn:extension:largeBlob: true, webauthn:extension:minPinLength: true, webauthn:extension:prf: true, webauthn:virtualAuthenticators: true}
Session ID: ade1245b711770e3249b173d2714f028">
      <![CDATA[org.openqa.selenium.WebDriverException: disconnected: not connected to DevTools
  (failed to check if window was closed: disconnected: not connected to DevTools)
  (Session info: chrome=114.0.5735.199)
Build info: version: '4.5.0', revision: 'fe167b119a'
System info: os.name: 'Windows 10', os.arch: 'amd64', os.version: '10.0', java.version: '1.8.0_211'
Driver info: org.openqa.selenium.chrome.ChromeDriver
Command: [ade1245b711770e3249b173d2714f028, close {}]
Capabilities {acceptInsecureCerts: false, browserName: chrome, browserVersion: 114.0.5735.199, chrome: {chromedriverVersion: 114.0.5735.90 (386bc09e8f4f..., userDataDir: C:\Users\vinitham\AppData\L...}, goog:chromeOptions: {debuggerAddress: localhost:58993}, networkConnectionEnabled: false, pageLoadStrategy: normal, platformName: WINDOWS, proxy: Proxy(), se:cdp: ws://localhost:58993/devtoo..., se:cdpVersion: 114.0.5735.199, setWindowRect: true, strictFileInteractability: false, timeouts: {implicit: 0, pageLoad: 300000, script: 30000}, unhandledPromptBehavior: dismiss and notify, webauthn:extension:credBlob: true, webauthn:extension:largeBlob: true, webauthn:extension:minPinLength: true, webauthn:extension:prf: true, webauthn:virtualAuthenticators: true}
Session ID: ade1245b711770e3249b173d2714f028
at sun.reflect.NativeConstructorAccessorImpl.newInstance0(Native Method)
at sun.reflect.NativeConstructorAccessorImpl.newInstance(Unknown Source)
at sun.reflect.DelegatingConstructorAccessorImpl.newInstance(Unknown Source)
at java.lang.reflect.Constructor.newInstance(Unknown Source)
at org.openqa.selenium.remote.codec.w3c.W3CHttpResponseCodec.createException(W3CHttpResponseCodec.java:200)
at org.openqa.selenium.remote.codec.w3c.W3CHttpResponseCodec.decode(W3CHttpResponseCodec.java:133)
at org.openqa.selenium.remote.codec.w3c.W3CHttpResponseCodec.decode(W3CHttpResponseCodec.java:53)
at org.openqa.selenium.remote.HttpCommandExecutor.execute(HttpCommandExecutor.java:184)
at org.openqa.selenium.remote.service.DriverCommandExecutor.invokeExecute(DriverCommandExecutor.java:167)
at org.openqa.selenium.remote.service.DriverCommandExecutor.execute(DriverCommandExecutor.java:142)
at org.openqa.selenium.remote.RemoteWebDriver.execute(RemoteWebDriver.java:547)
at org.openqa.selenium.remote.RemoteWebDriver.execute(RemoteWebDriver.java:602)
at org.openqa.selenium.remote.RemoteWebDriver.execute(RemoteWebDriver.java:606)
at org.openqa.selenium.remote.RemoteWebDriver.close(RemoteWebDriver.java:432)
at basic.Demo1.close(Demo1.java:252)
at sun.reflect.NativeMethodAccessorImpl.invoke0(Native Method)
at sun.reflect.NativeMethodAccessorImpl.invoke(Unknown Source)
at sun.reflect.DelegatingMethodAccessorImpl.invoke(Unknown Source)
at java.lang.reflect.Method.invoke(Unknown Source)
at org.testng.internal.MethodInvocationHelper.invokeMethod(MethodInvocationHelper.java:124)
at org.testng.internal.MethodInvocationHelper.invokeMethodConsideringTimeout(MethodInvocationHelper.java:59)
at org.testng.internal.Invoker.invokeConfigurationMethod(Invoker.java:458)
at org.testng.internal.Invoker.invokeConfigurations(Invoker.java:222)
at org.testng.internal.Invoker.invokeMethod(Invoker.java:646)
at org.testng.internal.Invoker.invokeTestMethod(Invoker.java:719)
at org.testng.internal.Invoker.invokeTestMethods(Invoker.java:989)
at org.testng.internal.TestMethodWorker.invokeTestMethods(TestMethodWorker.java:125)
at org.testng.internal.TestMethodWorker.run(TestMethodWorker.java:109)
at org.testng.TestRunner.privateRun(TestRunner.java:648)
at org.testng.TestRunner.run(TestRunner.java:505)
at org.testng.SuiteRunner.runTest(SuiteRunner.java:455)
at org.testng.SuiteRunner.runSequentially(SuiteRunner.java:450)
at org.testng.SuiteRunner.privateRun(SuiteRunner.java:415)
at org.testng.SuiteRunner.run(SuiteRunner.java:364)
at org.testng.SuiteRunnerWorker.runSuite(SuiteRunnerWorker.java:52)
at org.testng.SuiteRunnerWorker.run(SuiteRunnerWorker.java:84)
at org.testng.TestNG.runSuitesSequentially(TestNG.java:1208)
at org.testng.TestNG.runSuitesLocally(TestNG.java:1137)
at org.testng.TestNG.runSuites(TestNG.java:1049)
at org.testng.TestNG.run(TestNG.java:1017)
at org.testng.remote.AbstractRemoteTestNG.run(AbstractRemoteTestNG.java:114)
at org.testng.remote.RemoteTestNG.initAndRun(RemoteTestNG.java:251)
at org.testng.remote.RemoteTestNG.main(RemoteTestNG.java:77)
]]>
    </failure>
  </testcase> <!-- @AfterMethod close -->
  <testcase name="@BeforeMethod Launch" time="0.0" classname="basic.Demo1">
    <skipped/>
  </testcase> <!-- @BeforeMethod Launch -->
  <testcase name="@AfterMethod close" time="0.0" classname="basic.Demo1">
    <skipped/>
  </testcase> <!-- @AfterMethod close -->
  <testcase name="@BeforeMethod Launch" time="0.0" classname="basic.Demo1">
    <skipped/>
  </testcase> <!-- @BeforeMethod Launch -->
  <testcase name="@AfterMethod close" time="0.0" classname="basic.Demo1">
    <skipped/>
  </testcase> <!-- @AfterMethod close -->
  <testcase name="@BeforeMethod Launch" time="0.0" classname="basic.Demo1">
    <skipped/>
  </testcase> <!-- @BeforeMethod Launch -->
  <testcase name="@AfterMethod close" time="0.0" classname="basic.Demo1">
    <skipped/>
  </testcase> <!-- @AfterMethod close -->
  <testcase name="@BeforeMethod Launch" time="0.0" classname="basic.Demo1">
    <skipped/>
  </testcase> <!-- @BeforeMethod Launch -->
  <testcase name="@AfterMethod close" time="0.0" classname="basic.Demo1">
    <skipped/>
  </testcase> <!-- @AfterMethod close -->
  <testcase name="@BeforeMethod Launch" time="0.0" classname="basic.Demo1">
    <skipped/>
  </testcase> <!-- @BeforeMethod Launch -->
  <testcase name="@AfterMethod close" time="0.0" classname="basic.Demo1">
    <skipped/>
  </testcase> <!-- @AfterMethod close -->
  <testcase name="@BeforeMethod Launch" time="0.0" classname="basic.Demo1">
    <skipped/>
  </testcase> <!-- @BeforeMethod Launch -->
  <testcase name="@AfterMethod close" time="0.0" classname="basic.Demo1">
    <skipped/>
  </testcase> <!-- @AfterMethod close -->
  <testcase name="@BeforeMethod Launch" time="0.0" classname="basic.Demo1">
    <skipped/>
  </testcase> <!-- @BeforeMethod Launch -->
  <testcase name="@AfterMethod close" time="0.0" classname="basic.Demo1">
    <skipped/>
  </testcase> <!-- @AfterMethod close -->
  <testcase name="@BeforeMethod Launch" time="0.0" classname="basic.Demo1">
    <skipped/>
  </testcase> <!-- @BeforeMethod Launch -->
  <testcase name="@AfterMethod close" time="0.0" classname="basic.Demo1">
    <skipped/>
  </testcase> <!-- @AfterMethod close -->
  <testcase name="@BeforeMethod Launch" time="0.0" classname="basic.Demo1">
    <skipped/>
  </testcase> <!-- @BeforeMethod Launch -->
  <testcase name="@AfterMethod close" time="0.0" classname="basic.Demo1">
    <skipped/>
  </testcase> <!-- @AfterMethod close -->
  <testcase name="@BeforeMethod Launch" time="0.0" classname="basic.Demo1">
    <skipped/>
  </testcase> <!-- @BeforeMethod Launch -->
  <testcase name="@AfterMethod close" time="0.0" classname="basic.Demo1">
    <skipped/>
  </testcase> <!-- @AfterMethod close -->
  <testcase name="radioButton" time="3.436" classname="basic.Demo1"/>
  <testcase name="checkBox" time="1.185" classname="basic.Demo1"/>
  <testcase name="autoSuggestion" time="5.704" classname="basic.Demo1"/>
  <testcase name="dropDown" time="0.0" classname="basic.Demo1">
    <skipped/>
  </testcase> <!-- dropDown -->
  <testcase name="switchWindow" time="0.0" classname="basic.Demo1">
    <skipped/>
  </testcase> <!-- switchWindow -->
  <testcase name="verticalscroll" time="0.0" classname="basic.Demo1">
    <skipped/>
  </testcase> <!-- verticalscroll -->
  <testcase name="alertPopUp" time="0.0" classname="basic.Demo1">
    <skipped/>
  </testcase> <!-- alertPopUp -->
  <testcase name="screenShot" time="0.0" classname="basic.Demo1">
    <skipped/>
  </testcase> <!-- screenShot -->
  <testcase name="scrollingWebTable" time="0.0" classname="basic.Demo1">
    <skipped/>
  </testcase> <!-- scrollingWebTable -->
  <testcase name="rightClick" time="0.0" classname="basic.Demo1">
    <skipped/>
  </testcase> <!-- rightClick -->
  <testcase name="mouseHover" time="0.0" classname="basic.Demo1">
    <skipped/>
  </testcase> <!-- mouseHover -->
  <testcase name="display" time="0.0" classname="basic.Demo1">
    <skipped/>
  </testcase> <!-- display -->
  <testcase name="iframe" time="0.0" classname="basic.Demo1">
    <skipped/>
  </testcase> <!-- iframe -->
</testsuite> <!-- Default test -->
